[debug] [2020-10-13T18:33:04.964Z] ----------------------------------------------------------------------
[debug] [2020-10-13T18:33:04.986Z] Command:       C:\Program Files\nodejs\node.exe C:\Users\Bhigz\AppData\Roaming\npm\node_modules\firebase-tools\lib\bin\firebase.js emulators:start
[debug] [2020-10-13T18:33:04.987Z] CLI Version:   8.12.1
[debug] [2020-10-13T18:33:04.987Z] Platform:      win32
[debug] [2020-10-13T18:33:04.988Z] Node Version:  v12.19.0
[debug] [2020-10-13T18:33:05.058Z] Time:          Wed Oct 14 2020 02:33:04 GMT+0800 (Taipei Standard Time)
[debug] [2020-10-13T18:33:05.058Z] ----------------------------------------------------------------------
[debug] [2020-10-13T18:33:05.059Z] 
[debug] [2020-10-13T18:33:05.209Z] > command requires scopes: ["email","openid","https://www.googleapis.com/auth/cloudplatformprojects.readonly","https://www.googleapis.com/auth/firebase","https://www.googleapis.com/auth/cloud-platform"]
[debug] [2020-10-13T18:33:05.211Z] > authorizing via signed-in user
[info] i  emulators: Starting emulators: functions, hosting {"metadata":{"emulator":{"name":"hub"},"message":"Starting emulators: functions, hosting"}}
[debug] [2020-10-13T18:33:05.517Z] [hub] writing locator at C:\Users\Bhigz\AppData\Local\Temp\hub-clone-c221c.json
[warn] !  functions: The following emulators are not running, calls to these services from the Functions emulator will affect production: auth, firestore, database, pubsub {"metadata":{"emulator":{"name":"functions"},"message":"The following emulators are not running, calls to these services from the Functions emulator will affect production: \u001b[1mauth, firestore, database, pubsub\u001b[22m"}}
[warn] !  Your requested "node" version "10" doesn't match your global version "12" {"metadata":{"emulator":{"name":"functions"},"message":"Your requested \"node\" version \"10\" doesn't match your global version \"12\""}}
[debug] [2020-10-13T18:33:05.929Z] defaultcredentials: writing to file C:\Users\Bhigz\AppData\Roaming\firebase\bo_carilla_gmail.com_application_default_credentials.json
[debug] [2020-10-13T18:33:06.022Z] Setting GAC to C:\Users\Bhigz\AppData\Roaming\firebase\bo_carilla_gmail.com_application_default_credentials.json {"metadata":{"emulator":{"name":"functions"},"message":"Setting GAC to C:\\Users\\Bhigz\\AppData\\Roaming\\firebase\\bo_carilla_gmail.com_application_default_credentials.json"}}
[debug] [2020-10-13T18:33:06.184Z] >>> HTTP REQUEST GET https://firebase.googleapis.com/v1beta1/projects/clone-c221c/webApps/-/config  
 
[debug] [2020-10-13T18:33:07.824Z] <<< HTTP RESPONSE 200 {"content-type":"application/json; charset=UTF-8","vary":"X-Origin, Referer, Origin,Accept-Encoding","date":"Tue, 13 Oct 2020 18:33:07 GMT","server":"ESF","cache-control":"private","x-xss-protection":"0","x-frame-options":"SAMEORIGIN","x-content-type-options":"nosniff","alt-svc":"h3-Q050=\":443\"; ma=2592000,h3-29=\":443\"; ma=2592000,h3-27=\":443\"; ma=2592000,h3-T051=\":443\"; ma=2592000,h3-T050=\":443\"; ma=2592000,h3-Q046=\":443\"; ma=2592000,h3-Q043=\":443\"; ma=2592000,quic=\":443\"; ma=2592000; v=\"46,43\"","accept-ranges":"none","transfer-encoding":"chunked"}
[info] i  hosting: Serving hosting files from: build {"metadata":{"emulator":{"name":"hosting"},"message":"Serving hosting files from: \u001b[1mbuild\u001b[22m"}}
[info] +  hosting: Local server: http://localhost:5000 {"metadata":{"emulator":{"name":"hosting"},"message":"Local server: \u001b[4m\u001b[1mhttp://localhost:5000\u001b[22m\u001b[24m"}}
[debug] [2020-10-13T18:33:08.081Z] Ignoring unsupported arg: auto_download {"metadata":{"emulator":{"name":"ui"},"message":"Ignoring unsupported arg: auto_download"}}
[debug] [2020-10-13T18:33:08.082Z] Ignoring unsupported arg: port {"metadata":{"emulator":{"name":"ui"},"message":"Ignoring unsupported arg: port"}}
[debug] [2020-10-13T18:33:08.083Z] Starting Emulator UI with command {"binary":"node","args":["C:\\Users\\Bhigz\\.cache\\firebase\\emulators\\ui-v1.1.1\\server.bundle.js"],"optionalArgs":[],"joinArgs":false} {"metadata":{"emulator":{"name":"ui"},"message":"Starting Emulator UI with command {\"binary\":\"node\",\"args\":[\"C:\\\\Users\\\\Bhigz\\\\.cache\\\\firebase\\\\emulators\\\\ui-v1.1.1\\\\server.bundle.js\"],\"optionalArgs\":[],\"joinArgs\":false}"}}
[info] i  ui: Emulator UI logging to ui-debug.log {"metadata":{"emulator":{"name":"ui"},"message":"Emulator UI logging to \u001b[1mui-debug.log\u001b[22m"}}
[debug] [2020-10-13T18:33:08.813Z] Web / API server started at http://localhost:4000
 {"metadata":{"emulator":{"name":"ui"},"message":"Web / API server started at http://localhost:4000\n"}}
[info] i  functions: Watching "D:\Bread\Bo\Coding Stuff\JAVA REACT\amazon-clone\functions" for Cloud Functions... {"metadata":{"emulator":{"name":"functions"},"message":"Watching \"D:\\Bread\\Bo\\Coding Stuff\\JAVA REACT\\amazon-clone\\functions\" for Cloud Functions..."}}
[debug] [2020-10-13T18:33:09.135Z] [worker-pool] addWorker(~diagnostic~) {"metadata":{"emulator":{"name":"functions"},"message":"[worker-pool] addWorker(~diagnostic~)"}}
[debug] [2020-10-13T18:33:09.135Z] [worker-pool] Adding worker with key ~diagnostic~, total=1 {"metadata":{"emulator":{"name":"functions"},"message":"[worker-pool] Adding worker with key ~diagnostic~, total=1"}}
[debug] [2020-10-13T18:33:09.136Z] [worker-pool] submitWork(triggerId=) {"metadata":{"emulator":{"name":"functions"},"message":"[worker-pool] submitWork(triggerId=)"}}
[debug] [2020-10-13T18:33:09.137Z] [worker-~diagnostic~-d0a1ddf0-f5de-4704-9718-5c3826977dd8]: Assigning socketPath: \\?\pipe\D:\Bread\Bo\Coding Stuff\JAVA REACT\amazon-clone\functions\6188 {"metadata":{"emulator":{"name":"functions"},"message":"[worker-~diagnostic~-d0a1ddf0-f5de-4704-9718-5c3826977dd8]: Assigning socketPath: \\\\?\\pipe\\D:\\Bread\\Bo\\Coding Stuff\\JAVA REACT\\amazon-clone\\functions\\6188"}}
[debug] [2020-10-13T18:33:09.139Z] [worker-~diagnostic~-d0a1ddf0-f5de-4704-9718-5c3826977dd8]: BUSY {"metadata":{"emulator":{"name":"functions"},"message":"[worker-~diagnostic~-d0a1ddf0-f5de-4704-9718-5c3826977dd8]: BUSY"}}
[debug] [2020-10-13T18:33:11.167Z] [runtime-status] [6188] Functions runtime initialized. {"cwd":"D:\\Bread\\Bo\\Coding Stuff\\JAVA REACT\\amazon-clone\\functions","node_version":"12.19.0"} {"metadata":{"emulator":{"name":"functions"},"message":"[runtime-status] [6188] Functions runtime initialized. {\"cwd\":\"D:\\\\Bread\\\\Bo\\\\Coding Stuff\\\\JAVA REACT\\\\amazon-clone\\\\functions\",\"node_version\":\"12.19.0\"}"}}
[debug] [2020-10-13T18:33:11.186Z] [runtime-status] [6188] Disabled runtime features: undefined {"metadata":{"emulator":{"name":"functions"},"message":"[runtime-status] [6188] Disabled runtime features: undefined"}}
[debug] [2020-10-13T18:33:11.232Z] [runtime-status] [6188] Resolved module firebase-admin {"declared":true,"installed":true,"version":"8.13.0","resolution":"D:\\Bread\\Bo\\Coding Stuff\\JAVA REACT\\amazon-clone\\functions\\node_modules\\firebase-admin\\lib\\index.js"} {"metadata":{"emulator":{"name":"functions"},"message":"[runtime-status] [6188] Resolved module firebase-admin {\"declared\":true,\"installed\":true,\"version\":\"8.13.0\",\"resolution\":\"D:\\\\Bread\\\\Bo\\\\Coding Stuff\\\\JAVA REACT\\\\amazon-clone\\\\functions\\\\node_modules\\\\firebase-admin\\\\lib\\\\index.js\"}"}}
[debug] [2020-10-13T18:33:11.256Z] [runtime-status] [6188] Resolved module firebase-functions {"declared":true,"installed":true,"version":"3.11.0","resolution":"D:\\Bread\\Bo\\Coding Stuff\\JAVA REACT\\amazon-clone\\functions\\node_modules\\firebase-functions\\lib\\index.js"} {"metadata":{"emulator":{"name":"functions"},"message":"[runtime-status] [6188] Resolved module firebase-functions {\"declared\":true,\"installed\":true,\"version\":\"3.11.0\",\"resolution\":\"D:\\\\Bread\\\\Bo\\\\Coding Stuff\\\\JAVA REACT\\\\amazon-clone\\\\functions\\\\node_modules\\\\firebase-functions\\\\lib\\\\index.js\"}"}}
[debug] [2020-10-13T18:33:11.260Z] [runtime-status] [6188] Resolved module firebase-functions {"declared":true,"installed":true,"version":"3.11.0","resolution":"D:\\Bread\\Bo\\Coding Stuff\\JAVA REACT\\amazon-clone\\functions\\node_modules\\firebase-functions\\lib\\index.js"} {"metadata":{"emulator":{"name":"functions"},"message":"[runtime-status] [6188] Resolved module firebase-functions {\"declared\":true,\"installed\":true,\"version\":\"3.11.0\",\"resolution\":\"D:\\\\Bread\\\\Bo\\\\Coding Stuff\\\\JAVA REACT\\\\amazon-clone\\\\functions\\\\node_modules\\\\firebase-functions\\\\lib\\\\index.js\"}"}}
[debug] [2020-10-13T18:33:11.267Z] [runtime-status] [6188] Outgoing network have been stubbed. [{"name":"http","status":"mocked"},{"name":"http","status":"mocked"},{"name":"https","status":"mocked"},{"name":"https","status":"mocked"},{"name":"net","status":"mocked"}] {"metadata":{"emulator":{"name":"functions"},"message":"[runtime-status] [6188] Outgoing network have been stubbed. [{\"name\":\"http\",\"status\":\"mocked\"},{\"name\":\"http\",\"status\":\"mocked\"},{\"name\":\"https\",\"status\":\"mocked\"},{\"name\":\"https\",\"status\":\"mocked\"},{\"name\":\"net\",\"status\":\"mocked\"}]"}}
[debug] [2020-10-13T18:33:11.270Z] [runtime-status] [6188] Resolved module firebase-functions {"declared":true,"installed":true,"version":"3.11.0","resolution":"D:\\Bread\\Bo\\Coding Stuff\\JAVA REACT\\amazon-clone\\functions\\node_modules\\firebase-functions\\lib\\index.js"} {"metadata":{"emulator":{"name":"functions"},"message":"[runtime-status] [6188] Resolved module firebase-functions {\"declared\":true,\"installed\":true,\"version\":\"3.11.0\",\"resolution\":\"D:\\\\Bread\\\\Bo\\\\Coding Stuff\\\\JAVA REACT\\\\amazon-clone\\\\functions\\\\node_modules\\\\firebase-functions\\\\lib\\\\index.js\"}"}}
[debug] [2020-10-13T18:33:11.951Z] [runtime-status] [6188] Checked functions.config() {"config":{}} {"metadata":{"emulator":{"name":"functions"},"message":"[runtime-status] [6188] Checked functions.config() {\"config\":{}}"}}
[debug] [2020-10-13T18:33:11.952Z] [runtime-status] [6188] firebase-functions has been stubbed. {"functionsResolution":{"declared":true,"installed":true,"version":"3.11.0","resolution":"D:\\Bread\\Bo\\Coding Stuff\\JAVA REACT\\amazon-clone\\functions\\node_modules\\firebase-functions\\lib\\index.js"}} {"metadata":{"emulator":{"name":"functions"},"message":"[runtime-status] [6188] firebase-functions has been stubbed. {\"functionsResolution\":{\"declared\":true,\"installed\":true,\"version\":\"3.11.0\",\"resolution\":\"D:\\\\Bread\\\\Bo\\\\Coding Stuff\\\\JAVA REACT\\\\amazon-clone\\\\functions\\\\node_modules\\\\firebase-functions\\\\lib\\\\index.js\"}}"}}
[debug] [2020-10-13T18:33:11.954Z] [runtime-status] [6188] Resolved module firebase-functions {"declared":true,"installed":true,"version":"3.11.0","resolution":"D:\\Bread\\Bo\\Coding Stuff\\JAVA REACT\\amazon-clone\\functions\\node_modules\\firebase-functions\\lib\\index.js"} {"metadata":{"emulator":{"name":"functions"},"message":"[runtime-status] [6188] Resolved module firebase-functions {\"declared\":true,\"installed\":true,\"version\":\"3.11.0\",\"resolution\":\"D:\\\\Bread\\\\Bo\\\\Coding Stuff\\\\JAVA REACT\\\\amazon-clone\\\\functions\\\\node_modules\\\\firebase-functions\\\\lib\\\\index.js\"}"}}
[debug] [2020-10-13T18:33:11.959Z] [runtime-status] [6188] Resolved module firebase-admin {"declared":true,"installed":true,"version":"8.13.0","resolution":"D:\\Bread\\Bo\\Coding Stuff\\JAVA REACT\\amazon-clone\\functions\\node_modules\\firebase-admin\\lib\\index.js"} {"metadata":{"emulator":{"name":"functions"},"message":"[runtime-status] [6188] Resolved module firebase-admin {\"declared\":true,\"installed\":true,\"version\":\"8.13.0\",\"resolution\":\"D:\\\\Bread\\\\Bo\\\\Coding Stuff\\\\JAVA REACT\\\\amazon-clone\\\\functions\\\\node_modules\\\\firebase-admin\\\\lib\\\\index.js\"}"}}
[debug] [2020-10-13T18:33:11.962Z] [runtime-status] [6188] Resolved module firebase-functions {"declared":true,"installed":true,"version":"3.11.0","resolution":"D:\\Bread\\Bo\\Coding Stuff\\JAVA REACT\\amazon-clone\\functions\\node_modules\\firebase-functions\\lib\\index.js"} {"metadata":{"emulator":{"name":"functions"},"message":"[runtime-status] [6188] Resolved module firebase-functions {\"declared\":true,\"installed\":true,\"version\":\"3.11.0\",\"resolution\":\"D:\\\\Bread\\\\Bo\\\\Coding Stuff\\\\JAVA REACT\\\\amazon-clone\\\\functions\\\\node_modules\\\\firebase-functions\\\\lib\\\\index.js\"}"}}
[debug] [2020-10-13T18:33:11.963Z] [runtime-status] [6188] firebase-admin has been stubbed. {"adminResolution":{"declared":true,"installed":true,"version":"8.13.0","resolution":"D:\\Bread\\Bo\\Coding Stuff\\JAVA REACT\\amazon-clone\\functions\\node_modules\\firebase-admin\\lib\\index.js"}} {"metadata":{"emulator":{"name":"functions"},"message":"[runtime-status] [6188] firebase-admin has been stubbed. {\"adminResolution\":{\"declared\":true,\"installed\":true,\"version\":\"8.13.0\",\"resolution\":\"D:\\\\Bread\\\\Bo\\\\Coding Stuff\\\\JAVA REACT\\\\amazon-clone\\\\functions\\\\node_modules\\\\firebase-admin\\\\lib\\\\index.js\"}}"}}
[info] 
┌───────────────────────────────────────────────────────────────────────┐
│ ✔  All emulators ready! View status and logs at http://localhost:4000 │
└───────────────────────────────────────────────────────────────────────┘

┌───────────┬────────────────┬─────────────────────────────────┐
│ Emulator  │ Host:Port      │ View in Emulator UI             │
├───────────┼────────────────┼─────────────────────────────────┤
│ Functions │ localhost:5001 │ http://localhost:4000/functions │
├───────────┼────────────────┼─────────────────────────────────┤
│ Hosting   │ localhost:5000 │ n/a                             │
└───────────┴────────────────┴─────────────────────────────────┘
  Other reserved ports: 4400, 4500

Issues? Report them at https://github.com/firebase/firebase-tools/issues and attach the *-debug.log files.
 
[debug] [2020-10-13T18:33:12.093Z] [worker-~diagnostic~-d0a1ddf0-f5de-4704-9718-5c3826977dd8]: IDLE {"metadata":{"emulator":{"name":"functions"},"message":"[worker-~diagnostic~-d0a1ddf0-f5de-4704-9718-5c3826977dd8]: IDLE"}}
[debug] [2020-10-13T19:10:27.562Z] File D:\Bread\Bo\Coding Stuff\JAVA REACT\amazon-clone\functions\index.js changed, reloading triggers {"metadata":{"emulator":{"name":"functions"},"message":"File D:\\Bread\\Bo\\Coding Stuff\\JAVA REACT\\amazon-clone\\functions\\index.js changed, reloading triggers"}}
[debug] [2020-10-13T19:10:28.572Z] [worker-pool] Shutting down IDLE worker (~diagnostic~) {"metadata":{"emulator":{"name":"functions"},"message":"[worker-pool] Shutting down IDLE worker (~diagnostic~)"}}
[debug] [2020-10-13T19:10:28.573Z] [worker-~diagnostic~-d0a1ddf0-f5de-4704-9718-5c3826977dd8]: FINISHING {"metadata":{"emulator":{"name":"functions"},"message":"[worker-~diagnostic~-d0a1ddf0-f5de-4704-9718-5c3826977dd8]: FINISHING"}}
[debug] [2020-10-13T19:10:28.633Z] [worker-pool] addWorker(~diagnostic~) {"metadata":{"emulator":{"name":"functions"},"message":"[worker-pool] addWorker(~diagnostic~)"}}
[debug] [2020-10-13T19:10:28.634Z] [worker-pool] Adding worker with key ~diagnostic~, total=2 {"metadata":{"emulator":{"name":"functions"},"message":"[worker-pool] Adding worker with key ~diagnostic~, total=2"}}
[debug] [2020-10-13T19:10:28.634Z] [worker-pool] submitWork(triggerId=) {"metadata":{"emulator":{"name":"functions"},"message":"[worker-pool] submitWork(triggerId=)"}}
[debug] [2020-10-13T19:10:28.635Z] [worker-~diagnostic~-5b99e117-99ba-4311-b7f5-81dfe61468d1]: Assigning socketPath: \\?\pipe\D:\Bread\Bo\Coding Stuff\JAVA REACT\amazon-clone\functions\1648 {"metadata":{"emulator":{"name":"functions"},"message":"[worker-~diagnostic~-5b99e117-99ba-4311-b7f5-81dfe61468d1]: Assigning socketPath: \\\\?\\pipe\\D:\\Bread\\Bo\\Coding Stuff\\JAVA REACT\\amazon-clone\\functions\\1648"}}
[debug] [2020-10-13T19:10:28.636Z] [worker-~diagnostic~-5b99e117-99ba-4311-b7f5-81dfe61468d1]: BUSY {"metadata":{"emulator":{"name":"functions"},"message":"[worker-~diagnostic~-5b99e117-99ba-4311-b7f5-81dfe61468d1]: BUSY"}}
[debug] [2020-10-13T19:10:28.656Z] [worker-~diagnostic~-d0a1ddf0-f5de-4704-9718-5c3826977dd8]: exited {"metadata":{"emulator":{"name":"functions"},"message":"[worker-~diagnostic~-d0a1ddf0-f5de-4704-9718-5c3826977dd8]: exited"}}
[debug] [2020-10-13T19:10:28.657Z] [worker-~diagnostic~-d0a1ddf0-f5de-4704-9718-5c3826977dd8]: FINISHED {"metadata":{"emulator":{"name":"functions"},"message":"[worker-~diagnostic~-d0a1ddf0-f5de-4704-9718-5c3826977dd8]: FINISHED"}}
[debug] [2020-10-13T19:10:43.913Z] [runtime-status] [1648] Functions runtime initialized. {"cwd":"D:\\Bread\\Bo\\Coding Stuff\\JAVA REACT\\amazon-clone\\functions","node_version":"12.19.0"} {"metadata":{"emulator":{"name":"functions"},"message":"[runtime-status] [1648] Functions runtime initialized. {\"cwd\":\"D:\\\\Bread\\\\Bo\\\\Coding Stuff\\\\JAVA REACT\\\\amazon-clone\\\\functions\",\"node_version\":\"12.19.0\"}"}}
[debug] [2020-10-13T19:10:43.929Z] [runtime-status] [1648] Disabled runtime features: undefined {"metadata":{"emulator":{"name":"functions"},"message":"[runtime-status] [1648] Disabled runtime features: undefined"}}
[debug] [2020-10-13T19:10:44.003Z] [runtime-status] [1648] Resolved module firebase-admin {"declared":true,"installed":true,"version":"8.13.0","resolution":"D:\\Bread\\Bo\\Coding Stuff\\JAVA REACT\\amazon-clone\\functions\\node_modules\\firebase-admin\\lib\\index.js"} {"metadata":{"emulator":{"name":"functions"},"message":"[runtime-status] [1648] Resolved module firebase-admin {\"declared\":true,\"installed\":true,\"version\":\"8.13.0\",\"resolution\":\"D:\\\\Bread\\\\Bo\\\\Coding Stuff\\\\JAVA REACT\\\\amazon-clone\\\\functions\\\\node_modules\\\\firebase-admin\\\\lib\\\\index.js\"}"}}
[debug] [2020-10-13T19:10:44.017Z] [runtime-status] [1648] Resolved module firebase-functions {"declared":true,"installed":true,"version":"3.11.0","resolution":"D:\\Bread\\Bo\\Coding Stuff\\JAVA REACT\\amazon-clone\\functions\\node_modules\\firebase-functions\\lib\\index.js"} {"metadata":{"emulator":{"name":"functions"},"message":"[runtime-status] [1648] Resolved module firebase-functions {\"declared\":true,\"installed\":true,\"version\":\"3.11.0\",\"resolution\":\"D:\\\\Bread\\\\Bo\\\\Coding Stuff\\\\JAVA REACT\\\\amazon-clone\\\\functions\\\\node_modules\\\\firebase-functions\\\\lib\\\\index.js\"}"}}
[debug] [2020-10-13T19:10:44.020Z] [runtime-status] [1648] Resolved module firebase-functions {"declared":true,"installed":true,"version":"3.11.0","resolution":"D:\\Bread\\Bo\\Coding Stuff\\JAVA REACT\\amazon-clone\\functions\\node_modules\\firebase-functions\\lib\\index.js"} {"metadata":{"emulator":{"name":"functions"},"message":"[runtime-status] [1648] Resolved module firebase-functions {\"declared\":true,\"installed\":true,\"version\":\"3.11.0\",\"resolution\":\"D:\\\\Bread\\\\Bo\\\\Coding Stuff\\\\JAVA REACT\\\\amazon-clone\\\\functions\\\\node_modules\\\\firebase-functions\\\\lib\\\\index.js\"}"}}
[debug] [2020-10-13T19:10:44.026Z] [runtime-status] [1648] Outgoing network have been stubbed. [{"name":"http","status":"mocked"},{"name":"http","status":"mocked"},{"name":"https","status":"mocked"},{"name":"https","status":"mocked"},{"name":"net","status":"mocked"}] {"metadata":{"emulator":{"name":"functions"},"message":"[runtime-status] [1648] Outgoing network have been stubbed. [{\"name\":\"http\",\"status\":\"mocked\"},{\"name\":\"http\",\"status\":\"mocked\"},{\"name\":\"https\",\"status\":\"mocked\"},{\"name\":\"https\",\"status\":\"mocked\"},{\"name\":\"net\",\"status\":\"mocked\"}]"}}
[debug] [2020-10-13T19:10:44.028Z] [runtime-status] [1648] Resolved module firebase-functions {"declared":true,"installed":true,"version":"3.11.0","resolution":"D:\\Bread\\Bo\\Coding Stuff\\JAVA REACT\\amazon-clone\\functions\\node_modules\\firebase-functions\\lib\\index.js"} {"metadata":{"emulator":{"name":"functions"},"message":"[runtime-status] [1648] Resolved module firebase-functions {\"declared\":true,\"installed\":true,\"version\":\"3.11.0\",\"resolution\":\"D:\\\\Bread\\\\Bo\\\\Coding Stuff\\\\JAVA REACT\\\\amazon-clone\\\\functions\\\\node_modules\\\\firebase-functions\\\\lib\\\\index.js\"}"}}
[debug] [2020-10-13T19:10:44.661Z] [runtime-status] [1648] Checked functions.config() {"config":{}} {"metadata":{"emulator":{"name":"functions"},"message":"[runtime-status] [1648] Checked functions.config() {\"config\":{}}"}}
[debug] [2020-10-13T19:10:44.662Z] [runtime-status] [1648] firebase-functions has been stubbed. {"functionsResolution":{"declared":true,"installed":true,"version":"3.11.0","resolution":"D:\\Bread\\Bo\\Coding Stuff\\JAVA REACT\\amazon-clone\\functions\\node_modules\\firebase-functions\\lib\\index.js"}} {"metadata":{"emulator":{"name":"functions"},"message":"[runtime-status] [1648] firebase-functions has been stubbed. {\"functionsResolution\":{\"declared\":true,\"installed\":true,\"version\":\"3.11.0\",\"resolution\":\"D:\\\\Bread\\\\Bo\\\\Coding Stuff\\\\JAVA REACT\\\\amazon-clone\\\\functions\\\\node_modules\\\\firebase-functions\\\\lib\\\\index.js\"}}"}}
[debug] [2020-10-13T19:10:44.664Z] [runtime-status] [1648] Resolved module firebase-functions {"declared":true,"installed":true,"version":"3.11.0","resolution":"D:\\Bread\\Bo\\Coding Stuff\\JAVA REACT\\amazon-clone\\functions\\node_modules\\firebase-functions\\lib\\index.js"} {"metadata":{"emulator":{"name":"functions"},"message":"[runtime-status] [1648] Resolved module firebase-functions {\"declared\":true,\"installed\":true,\"version\":\"3.11.0\",\"resolution\":\"D:\\\\Bread\\\\Bo\\\\Coding Stuff\\\\JAVA REACT\\\\amazon-clone\\\\functions\\\\node_modules\\\\firebase-functions\\\\lib\\\\index.js\"}"}}
[debug] [2020-10-13T19:10:44.669Z] [runtime-status] [1648] Resolved module firebase-admin {"declared":true,"installed":true,"version":"8.13.0","resolution":"D:\\Bread\\Bo\\Coding Stuff\\JAVA REACT\\amazon-clone\\functions\\node_modules\\firebase-admin\\lib\\index.js"} {"metadata":{"emulator":{"name":"functions"},"message":"[runtime-status] [1648] Resolved module firebase-admin {\"declared\":true,\"installed\":true,\"version\":\"8.13.0\",\"resolution\":\"D:\\\\Bread\\\\Bo\\\\Coding Stuff\\\\JAVA REACT\\\\amazon-clone\\\\functions\\\\node_modules\\\\firebase-admin\\\\lib\\\\index.js\"}"}}
[debug] [2020-10-13T19:10:44.671Z] [runtime-status] [1648] Resolved module firebase-functions {"declared":true,"installed":true,"version":"3.11.0","resolution":"D:\\Bread\\Bo\\Coding Stuff\\JAVA REACT\\amazon-clone\\functions\\node_modules\\firebase-functions\\lib\\index.js"} {"metadata":{"emulator":{"name":"functions"},"message":"[runtime-status] [1648] Resolved module firebase-functions {\"declared\":true,\"installed\":true,\"version\":\"3.11.0\",\"resolution\":\"D:\\\\Bread\\\\Bo\\\\Coding Stuff\\\\JAVA REACT\\\\amazon-clone\\\\functions\\\\node_modules\\\\firebase-functions\\\\lib\\\\index.js\"}"}}
[debug] [2020-10-13T19:10:44.672Z] [runtime-status] [1648] firebase-admin has been stubbed. {"adminResolution":{"declared":true,"installed":true,"version":"8.13.0","resolution":"D:\\Bread\\Bo\\Coding Stuff\\JAVA REACT\\amazon-clone\\functions\\node_modules\\firebase-admin\\lib\\index.js"}} {"metadata":{"emulator":{"name":"functions"},"message":"[runtime-status] [1648] firebase-admin has been stubbed. {\"adminResolution\":{\"declared\":true,\"installed\":true,\"version\":\"8.13.0\",\"resolution\":\"D:\\\\Bread\\\\Bo\\\\Coding Stuff\\\\JAVA REACT\\\\amazon-clone\\\\functions\\\\node_modules\\\\firebase-admin\\\\lib\\\\index.js\"}}"}}
[warn] !  Error: Cannot find module 'stripe'
Require stack:
- D:\Bread\Bo\Coding Stuff\JAVA REACT\amazon-clone\functions\index.js
- C:\Users\Bhigz\AppData\Roaming\npm\node_modules\firebase-tools\lib\emulator\functionsEmulatorRuntime.js
    at Function.Module._resolveFilename (internal/modules/cjs/loader.js:831:15)
    at Function.Module._load (internal/modules/cjs/loader.js:687:27)
    at Module.require (internal/modules/cjs/loader.js:903:19)
    at require (internal/modules/cjs/helpers.js:74:18)
    at Object.<anonymous> (D:\Bread\Bo\Coding Stuff\JAVA REACT\amazon-clone\functions\index.js:4:16)
    at Module._compile (internal/modules/cjs/loader.js:1015:30)
    at Object.Module._extensions..js (internal/modules/cjs/loader.js:1035:10)
    at Module.load (internal/modules/cjs/loader.js:879:32)
    at Function.Module._load (internal/modules/cjs/loader.js:724:14)
    at Module.require (internal/modules/cjs/loader.js:903:19) {"metadata":{"emulator":{"name":"functions"},"message":"Error: Cannot find module 'stripe'\nRequire stack:\n- D:\\Bread\\Bo\\Coding Stuff\\JAVA REACT\\amazon-clone\\functions\\index.js\n- C:\\Users\\Bhigz\\AppData\\Roaming\\npm\\node_modules\\firebase-tools\\lib\\emulator\\functionsEmulatorRuntime.js\n    at Function.Module._resolveFilename (internal/modules/cjs/loader.js:831:15)\n    at Function.Module._load (internal/modules/cjs/loader.js:687:27)\n    at Module.require (internal/modules/cjs/loader.js:903:19)\n    at require (internal/modules/cjs/helpers.js:74:18)\n    at Object.<anonymous> (D:\\Bread\\Bo\\Coding Stuff\\JAVA REACT\\amazon-clone\\functions\\index.js:4:16)\n    at Module._compile (internal/modules/cjs/loader.js:1015:30)\n    at Object.Module._extensions..js (internal/modules/cjs/loader.js:1035:10)\n    at Module.load (internal/modules/cjs/loader.js:879:32)\n    at Function.Module._load (internal/modules/cjs/loader.js:724:14)\n    at Module.require (internal/modules/cjs/loader.js:903:19)"}}
[warn] !  We were unable to load your functions code. (see above) {"metadata":{"emulator":{"name":"functions"}}}
[debug] [2020-10-13T19:10:48.006Z] [worker-~diagnostic~-5b99e117-99ba-4311-b7f5-81dfe61468d1]: exited {"metadata":{"emulator":{"name":"functions"},"message":"[worker-~diagnostic~-5b99e117-99ba-4311-b7f5-81dfe61468d1]: exited"}}
[debug] [2020-10-13T19:10:48.007Z] [worker-~diagnostic~-5b99e117-99ba-4311-b7f5-81dfe61468d1]: FINISHED {"metadata":{"emulator":{"name":"functions"},"message":"[worker-~diagnostic~-5b99e117-99ba-4311-b7f5-81dfe61468d1]: FINISHED"}}
[debug] [2020-10-13T19:17:01.906Z] Functions emulator received unknown request at path /
[debug] [2020-10-13T19:17:02.015Z] Functions emulator received unknown request at path /favicon.ico
